<?xml version='1.0' encoding='UTF-8'?>
<testsuite hostname="wejoM-2271.local" name="com.exercise.two.MainTest" tests="1" errors="1" failures="0" skipped="0" time="0.014" timestamp="2020-03-02T15:42:14">
                     <properties>
[...]
</properties>
                     <testcase classname="com.exercise.two.MainTest" name="(It is not a test it is a sbt.testing.SuiteSelector)" time="0.014">
                                                 <error message="java.lang.NullPointerException was thrown inside describe(&quot;Exercise 2&quot;), construction cannot continue: null" type="org.scalatest.exceptions.NotAllowedException">org.scalatest.exceptions.NotAllowedException: java.lang.NullPointerException was thrown inside describe(&quot;Exercise 2&quot;), construction cannot continue: null
	at org.scalatest.funspec.AnyFunSpecLike.describe(AnyFunSpecLike.scala:390)
	at org.scalatest.funspec.AnyFunSpecLike.describe$(AnyFunSpecLike.scala:378)
	at org.scalatest.funspec.AnyFunSpec.describe(AnyFunSpec.scala:1631)
	at com.exercise.two.MainTest.&lt;init&gt;(MainTest.scala:7)
	at sun.reflect.NativeConstructorAccessorImpl.newInstance0(Native Method)
	at sun.reflect.NativeConstructorAccessorImpl.newInstance(NativeConstructorAccessorImpl.java:62)
	at sun.reflect.DelegatingConstructorAccessorImpl.newInstance(DelegatingConstructorAccessorImpl.java:45)
	at java.lang.reflect.Constructor.newInstance(Constructor.java:423)
	at java.lang.Class.newInstance(Class.java:442)
	at org.scalatest.tools.Framework$ScalaTestTask.execute(Framework.scala:450)
	at sbt.TestRunner.runTest$1(TestFramework.scala:139)
	at sbt.TestRunner.run(TestFramework.scala:154)
	at sbt.TestFramework$$anon$3$$anonfun$$lessinit$greater$1.$anonfun$apply$1(TestFramework.scala:317)
	at sbt.TestFramework$.sbt$TestFramework$$withContextLoader(TestFramework.scala:277)
	at sbt.TestFramework$$anon$3$$anonfun$$lessinit$greater$1.apply(TestFramework.scala:317)
	at sbt.TestFramework$$anon$3$$anonfun$$lessinit$greater$1.apply(TestFramework.scala:317)
	at sbt.TestFunction.apply(TestFramework.scala:329)
	at sbt.Tests$.$anonfun$toTask$1(Tests.scala:311)
	at sbt.std.Transform$$anon$3.$anonfun$apply$2(Transform.scala:46)
	at sbt.std.Transform$$anon$4.work(Transform.scala:67)
	at sbt.Execute.$anonfun$submit$2(Execute.scala:281)
	at sbt.internal.util.ErrorHandling$.wideConvert(ErrorHandling.scala:19)
	at sbt.Execute.work(Execute.scala:290)
	at sbt.Execute.$anonfun$submit$1(Execute.scala:281)
	at sbt.ConcurrentRestrictions$$anon$4.$anonfun$submitValid$1(ConcurrentRestrictions.scala:178)
	at sbt.CompletionService$$anon$2.call(CompletionService.scala:37)
	at java.util.concurrent.FutureTask.run(FutureTask.java:266)
	at java.util.concurrent.Executors$RunnableAdapter.call(Executors.java:511)
	at java.util.concurrent.FutureTask.run(FutureTask.java:266)
	at java.util.concurrent.ThreadPoolExecutor.runWorker(ThreadPoolExecutor.java:1149)
	at java.util.concurrent.ThreadPoolExecutor$Worker.run(ThreadPoolExecutor.java:624)
	at java.lang.Thread.run(Thread.java:748)
Caused by: java.lang.NullPointerException
	at com.exercise.two.Main$AccountInvoice.&lt;init&gt;(Main.scala:43)
	at com.exercise.two.MainTest.$anonfun$new$1(MainTest.scala:9)
	at org.scalatest.SuperEngine.registerNestedBranch(Engine.scala:609)
	at org.scalatest.funspec.AnyFunSpecLike.describe(AnyFunSpecLike.scala:384)
	... 31 more
</error>
                                               </testcase>
                     <system-out><![CDATA[]]></system-out>
                     <system-err><![CDATA[]]></system-err>
                   </testsuite>